CRITICAL - 2024-12-16 04:41:17 --> CodeIgniter\View\Exceptions\ViewException: Invalid file: "customer/login.php"
[Method: GET, Route: customer/login]
in SYSTEMPATH\Exceptions\FrameworkException.php on line 41.
 1 SYSTEMPATH\View\View.php(222): CodeIgniter\Exceptions\FrameworkException::forInvalidFile('customer/login.php')
 2 SYSTEMPATH\Common.php(1171): CodeIgniter\View\View->render('customer/login', [], true)
 3 APPPATH\Controllers\login.php(12): view('customer/login')
 4 SYSTEMPATH\CodeIgniter.php(933): App\Controllers\Login->index()
 5 SYSTEMPATH\CodeIgniter.php(509): CodeIgniter\CodeIgniter->runController(Object(App\Controllers\Login))
 6 SYSTEMPATH\CodeIgniter.php(355): CodeIgniter\CodeIgniter->handleRequest(null, Object(Config\Cache), false)
 7 SYSTEMPATH\Boot.php(325): CodeIgniter\CodeIgniter->run()
 8 SYSTEMPATH\Boot.php(67): CodeIgniter\Boot::runCodeIgniter(Object(CodeIgniter\CodeIgniter))
 9 FCPATH\index.php(56): CodeIgniter\Boot::bootWeb(Object(Config\Paths))
10 SYSTEMPATH\rewrite.php(44): require_once('C:\\xampp\\htdocs\\komal\\Codeigniter\\AdminPanel\\public\\index.php')
INFO - 2024-12-16 05:01:14 --> Session: Class initialized using 'CodeIgniter\Session\Handlers\FileHandler' driver.
INFO - 2024-12-16 05:01:17 --> Session: Class initialized using 'CodeIgniter\Session\Handlers\FileHandler' driver.
INFO - 2024-12-16 05:02:06 --> Session: Class initialized using 'CodeIgniter\Session\Handlers\FileHandler' driver.
INFO - 2024-12-16 05:02:54 --> Session: Class initialized using 'CodeIgniter\Session\Handlers\FileHandler' driver.
INFO - 2024-12-16 05:02:58 --> Session: Class initialized using 'CodeIgniter\Session\Handlers\FileHandler' driver.
INFO - 2024-12-16 05:05:16 --> Session: Class initialized using 'CodeIgniter\Session\Handlers\FileHandler' driver.
INFO - 2024-12-16 05:05:21 --> Session: Class initialized using 'CodeIgniter\Session\Handlers\FileHandler' driver.
INFO - 2024-12-16 05:06:13 --> Session: Class initialized using 'CodeIgniter\Session\Handlers\FileHandler' driver.
INFO - 2024-12-16 05:07:14 --> Session: Class initialized using 'CodeIgniter\Session\Handlers\FileHandler' driver.
INFO - 2024-12-16 05:07:30 --> Session: Class initialized using 'CodeIgniter\Session\Handlers\FileHandler' driver.
INFO - 2024-12-16 05:10:21 --> Session: Class initialized using 'CodeIgniter\Session\Handlers\FileHandler' driver.
INFO - 2024-12-16 05:10:37 --> Session: Class initialized using 'CodeIgniter\Session\Handlers\FileHandler' driver.
INFO - 2024-12-16 05:11:02 --> Session: Class initialized using 'CodeIgniter\Session\Handlers\FileHandler' driver.
INFO - 2024-12-16 05:13:06 --> Session: Class initialized using 'CodeIgniter\Session\Handlers\FileHandler' driver.
INFO - 2024-12-16 05:13:36 --> Session: Class initialized using 'CodeIgniter\Session\Handlers\FileHandler' driver.
INFO - 2024-12-16 05:14:48 --> Session: Class initialized using 'CodeIgniter\Session\Handlers\FileHandler' driver.
INFO - 2024-12-16 05:15:00 --> Session: Class initialized using 'CodeIgniter\Session\Handlers\FileHandler' driver.
INFO - 2024-12-16 05:15:20 --> Session: Class initialized using 'CodeIgniter\Session\Handlers\FileHandler' driver.
INFO - 2024-12-16 05:15:20 --> Session: Class initialized using 'CodeIgniter\Session\Handlers\FileHandler' driver.
INFO - 2024-12-16 05:15:41 --> Session: Class initialized using 'CodeIgniter\Session\Handlers\FileHandler' driver.
ERROR - 2024-12-16 06:39:00 --> mysqli_sql_exception: Column 'gender' cannot be null in C:\xampp\htdocs\komal\Codeigniter\AdminPanel\system\Database\MySQLi\Connection.php:312
Stack trace:
#0 C:\xampp\htdocs\komal\Codeigniter\AdminPanel\system\Database\MySQLi\Connection.php(312): mysqli->query('INSERT INTO `cu...', 0)
#1 C:\xampp\htdocs\komal\Codeigniter\AdminPanel\system\Database\BaseConnection.php(734): CodeIgniter\Database\MySQLi\Connection->execute('INSERT INTO `cu...')
#2 C:\xampp\htdocs\komal\Codeigniter\AdminPanel\system\Database\BaseConnection.php(648): CodeIgniter\Database\BaseConnection->simpleQuery('INSERT INTO `cu...')
#3 C:\xampp\htdocs\komal\Codeigniter\AdminPanel\system\Database\BaseBuilder.php(2340): CodeIgniter\Database\BaseConnection->query('INSERT INTO `cu...', Array, false)
#4 C:\xampp\htdocs\komal\Codeigniter\AdminPanel\system\Model.php(394): CodeIgniter\Database\BaseBuilder->insert()
#5 C:\xampp\htdocs\komal\Codeigniter\AdminPanel\system\BaseModel.php(840): CodeIgniter\Model->doInsert(Array)
#6 C:\xampp\htdocs\komal\Codeigniter\AdminPanel\system\Model.php(802): CodeIgniter\BaseModel->insert(Array, true)
#7 C:\xampp\htdocs\komal\Codeigniter\AdminPanel\app\Controllers\Customer.php(48): CodeIgniter\Model->insert(Array)
#8 C:\xampp\htdocs\komal\Codeigniter\AdminPanel\system\CodeIgniter.php(933): App\Controllers\Customer->insert()
#9 C:\xampp\htdocs\komal\Codeigniter\AdminPanel\system\CodeIgniter.php(509): CodeIgniter\CodeIgniter->runController(Object(App\Controllers\Customer))
#10 C:\xampp\htdocs\komal\Codeigniter\AdminPanel\system\CodeIgniter.php(355): CodeIgniter\CodeIgniter->handleRequest(NULL, Object(Config\Cache), false)
#11 C:\xampp\htdocs\komal\Codeigniter\AdminPanel\system\Boot.php(325): CodeIgniter\CodeIgniter->run()
#12 C:\xampp\htdocs\komal\Codeigniter\AdminPanel\system\Boot.php(67): CodeIgniter\Boot::runCodeIgniter(Object(CodeIgniter\CodeIgniter))
#13 C:\xampp\htdocs\komal\Codeigniter\AdminPanel\public\index.php(56): CodeIgniter\Boot::bootWeb(Object(Config\Paths))
#14 C:\xampp\htdocs\komal\Codeigniter\AdminPanel\system\rewrite.php(44): require_once('C:\\xampp\\htdocs...')
#15 {main}
CRITICAL - 2024-12-16 06:39:00 --> CodeIgniter\Database\Exceptions\DatabaseException: Column 'gender' cannot be null
[Method: POST, Route: customer/insert]
in SYSTEMPATH\Database\BaseConnection.php on line 688.
 1 SYSTEMPATH\Database\BaseBuilder.php(2340): CodeIgniter\Database\BaseConnection->query('INSERT INTO `customer` (`name`, `lastname`, `email`, `city`, `pincode`, `phone`, `address`, `gender`, `image`) VALUES (:name:, :lastname:, :email:, :city:, :pincode:, :phone:, :address:, :gender:, :image:)', [...], false)
 2 SYSTEMPATH\Model.php(394): CodeIgniter\Database\BaseBuilder->insert()
 3 SYSTEMPATH\BaseModel.php(840): CodeIgniter\Model->doInsert([...])
 4 SYSTEMPATH\Model.php(802): CodeIgniter\BaseModel->insert([...], true)
 5 APPPATH\Controllers\Customer.php(48): CodeIgniter\Model->insert([...])
 6 SYSTEMPATH\CodeIgniter.php(933): App\Controllers\Customer->insert()
 7 SYSTEMPATH\CodeIgniter.php(509): CodeIgniter\CodeIgniter->runController(Object(App\Controllers\Customer))
 8 SYSTEMPATH\CodeIgniter.php(355): CodeIgniter\CodeIgniter->handleRequest(null, Object(Config\Cache), false)
 9 SYSTEMPATH\Boot.php(325): CodeIgniter\CodeIgniter->run()
10 SYSTEMPATH\Boot.php(67): CodeIgniter\Boot::runCodeIgniter(Object(CodeIgniter\CodeIgniter))
11 FCPATH\index.php(56): CodeIgniter\Boot::bootWeb(Object(Config\Paths))
12 SYSTEMPATH\rewrite.php(44): require_once('C:\\xampp\\htdocs\\komal\\Codeigniter\\AdminPanel\\public\\index.php')
CRITICAL - 2024-12-16 06:39:00 --> [Caused by] CodeIgniter\Database\Exceptions\DatabaseException: Column 'gender' cannot be null
in SYSTEMPATH\Database\MySQLi\Connection.php on line 317.
 1 SYSTEMPATH\Database\BaseConnection.php(734): CodeIgniter\Database\MySQLi\Connection->execute('INSERT INTO `customer` (`name`, `lastname`, `email`, `city`, `pincode`, `phone`, `address`, `gender`, `image`) VALUES (\'fgg\', \'fdfdg\', \'\', \'Choose...\', \'\', \'\', \'\', NULL, NULL)')
 2 SYSTEMPATH\Database\BaseConnection.php(648): CodeIgniter\Database\BaseConnection->simpleQuery('INSERT INTO `customer` (`name`, `lastname`, `email`, `city`, `pincode`, `phone`, `address`, `gender`, `image`) VALUES (\'fgg\', \'fdfdg\', \'\', \'Choose...\', \'\', \'\', \'\', NULL, NULL)')
 3 SYSTEMPATH\Database\BaseBuilder.php(2340): CodeIgniter\Database\BaseConnection->query('INSERT INTO `customer` (`name`, `lastname`, `email`, `city`, `pincode`, `phone`, `address`, `gender`, `image`) VALUES (:name:, :lastname:, :email:, :city:, :pincode:, :phone:, :address:, :gender:, :image:)', [...], false)
 4 SYSTEMPATH\Model.php(394): CodeIgniter\Database\BaseBuilder->insert()
 5 SYSTEMPATH\BaseModel.php(840): CodeIgniter\Model->doInsert([...])
 6 SYSTEMPATH\Model.php(802): CodeIgniter\BaseModel->insert([...], true)
 7 APPPATH\Controllers\Customer.php(48): CodeIgniter\Model->insert([...])
 8 SYSTEMPATH\CodeIgniter.php(933): App\Controllers\Customer->insert()
 9 SYSTEMPATH\CodeIgniter.php(509): CodeIgniter\CodeIgniter->runController(Object(App\Controllers\Customer))
10 SYSTEMPATH\CodeIgniter.php(355): CodeIgniter\CodeIgniter->handleRequest(null, Object(Config\Cache), false)
11 SYSTEMPATH\Boot.php(325): CodeIgniter\CodeIgniter->run()
12 SYSTEMPATH\Boot.php(67): CodeIgniter\Boot::runCodeIgniter(Object(CodeIgniter\CodeIgniter))
13 FCPATH\index.php(56): CodeIgniter\Boot::bootWeb(Object(Config\Paths))
14 SYSTEMPATH\rewrite.php(44): require_once('C:\\xampp\\htdocs\\komal\\Codeigniter\\AdminPanel\\public\\index.php')
CRITICAL - 2024-12-16 06:39:00 --> [Caused by] mysqli_sql_exception: Column 'gender' cannot be null
in SYSTEMPATH\Database\MySQLi\Connection.php on line 312.
 1 SYSTEMPATH\Database\MySQLi\Connection.php(312): mysqli->query('INSERT INTO `customer` (`name`, `lastname`, `email`, `city`, `pincode`, `phone`, `address`, `gender`, `image`) VALUES (\'fgg\', \'fdfdg\', \'\', \'Choose...\', \'\', \'\', \'\', NULL, NULL)', 0)
 2 SYSTEMPATH\Database\BaseConnection.php(734): CodeIgniter\Database\MySQLi\Connection->execute('INSERT INTO `customer` (`name`, `lastname`, `email`, `city`, `pincode`, `phone`, `address`, `gender`, `image`) VALUES (\'fgg\', \'fdfdg\', \'\', \'Choose...\', \'\', \'\', \'\', NULL, NULL)')
 3 SYSTEMPATH\Database\BaseConnection.php(648): CodeIgniter\Database\BaseConnection->simpleQuery('INSERT INTO `customer` (`name`, `lastname`, `email`, `city`, `pincode`, `phone`, `address`, `gender`, `image`) VALUES (\'fgg\', \'fdfdg\', \'\', \'Choose...\', \'\', \'\', \'\', NULL, NULL)')
 4 SYSTEMPATH\Database\BaseBuilder.php(2340): CodeIgniter\Database\BaseConnection->query('INSERT INTO `customer` (`name`, `lastname`, `email`, `city`, `pincode`, `phone`, `address`, `gender`, `image`) VALUES (:name:, :lastname:, :email:, :city:, :pincode:, :phone:, :address:, :gender:, :image:)', [...], false)
 5 SYSTEMPATH\Model.php(394): CodeIgniter\Database\BaseBuilder->insert()
 6 SYSTEMPATH\BaseModel.php(840): CodeIgniter\Model->doInsert([...])
 7 SYSTEMPATH\Model.php(802): CodeIgniter\BaseModel->insert([...], true)
 8 APPPATH\Controllers\Customer.php(48): CodeIgniter\Model->insert([...])
 9 SYSTEMPATH\CodeIgniter.php(933): App\Controllers\Customer->insert()
10 SYSTEMPATH\CodeIgniter.php(509): CodeIgniter\CodeIgniter->runController(Object(App\Controllers\Customer))
11 SYSTEMPATH\CodeIgniter.php(355): CodeIgniter\CodeIgniter->handleRequest(null, Object(Config\Cache), false)
12 SYSTEMPATH\Boot.php(325): CodeIgniter\CodeIgniter->run()
13 SYSTEMPATH\Boot.php(67): CodeIgniter\Boot::runCodeIgniter(Object(CodeIgniter\CodeIgniter))
14 FCPATH\index.php(56): CodeIgniter\Boot::bootWeb(Object(Config\Paths))
15 SYSTEMPATH\rewrite.php(44): require_once('C:\\xampp\\htdocs\\komal\\Codeigniter\\AdminPanel\\public\\index.php')
ERROR - 2024-12-16 06:39:38 --> mysqli_sql_exception: Column 'image' cannot be null in C:\xampp\htdocs\komal\Codeigniter\AdminPanel\system\Database\MySQLi\Connection.php:312
Stack trace:
#0 C:\xampp\htdocs\komal\Codeigniter\AdminPanel\system\Database\MySQLi\Connection.php(312): mysqli->query('INSERT INTO `cu...', 0)
#1 C:\xampp\htdocs\komal\Codeigniter\AdminPanel\system\Database\BaseConnection.php(734): CodeIgniter\Database\MySQLi\Connection->execute('INSERT INTO `cu...')
#2 C:\xampp\htdocs\komal\Codeigniter\AdminPanel\system\Database\BaseConnection.php(648): CodeIgniter\Database\BaseConnection->simpleQuery('INSERT INTO `cu...')
#3 C:\xampp\htdocs\komal\Codeigniter\AdminPanel\system\Database\BaseBuilder.php(2340): CodeIgniter\Database\BaseConnection->query('INSERT INTO `cu...', Array, false)
#4 C:\xampp\htdocs\komal\Codeigniter\AdminPanel\system\Model.php(394): CodeIgniter\Database\BaseBuilder->insert()
#5 C:\xampp\htdocs\komal\Codeigniter\AdminPanel\system\BaseModel.php(840): CodeIgniter\Model->doInsert(Array)
#6 C:\xampp\htdocs\komal\Codeigniter\AdminPanel\system\Model.php(802): CodeIgniter\BaseModel->insert(Array, true)
#7 C:\xampp\htdocs\komal\Codeigniter\AdminPanel\app\Controllers\Customer.php(48): CodeIgniter\Model->insert(Array)
#8 C:\xampp\htdocs\komal\Codeigniter\AdminPanel\system\CodeIgniter.php(933): App\Controllers\Customer->insert()
#9 C:\xampp\htdocs\komal\Codeigniter\AdminPanel\system\CodeIgniter.php(509): CodeIgniter\CodeIgniter->runController(Object(App\Controllers\Customer))
#10 C:\xampp\htdocs\komal\Codeigniter\AdminPanel\system\CodeIgniter.php(355): CodeIgniter\CodeIgniter->handleRequest(NULL, Object(Config\Cache), false)
#11 C:\xampp\htdocs\komal\Codeigniter\AdminPanel\system\Boot.php(325): CodeIgniter\CodeIgniter->run()
#12 C:\xampp\htdocs\komal\Codeigniter\AdminPanel\system\Boot.php(67): CodeIgniter\Boot::runCodeIgniter(Object(CodeIgniter\CodeIgniter))
#13 C:\xampp\htdocs\komal\Codeigniter\AdminPanel\public\index.php(56): CodeIgniter\Boot::bootWeb(Object(Config\Paths))
#14 C:\xampp\htdocs\komal\Codeigniter\AdminPanel\system\rewrite.php(44): require_once('C:\\xampp\\htdocs...')
#15 {main}
CRITICAL - 2024-12-16 06:39:38 --> CodeIgniter\Database\Exceptions\DatabaseException: Column 'image' cannot be null
[Method: POST, Route: customer/insert]
in SYSTEMPATH\Database\BaseConnection.php on line 688.
 1 SYSTEMPATH\Database\BaseBuilder.php(2340): CodeIgniter\Database\BaseConnection->query('INSERT INTO `customer` (`name`, `lastname`, `email`, `city`, `pincode`, `phone`, `address`, `gender`, `image`) VALUES (:name:, :lastname:, :email:, :city:, :pincode:, :phone:, :address:, :gender:, :image:)', [...], false)
 2 SYSTEMPATH\Model.php(394): CodeIgniter\Database\BaseBuilder->insert()
 3 SYSTEMPATH\BaseModel.php(840): CodeIgniter\Model->doInsert([...])
 4 SYSTEMPATH\Model.php(802): CodeIgniter\BaseModel->insert([...], true)
 5 APPPATH\Controllers\Customer.php(48): CodeIgniter\Model->insert([...])
 6 SYSTEMPATH\CodeIgniter.php(933): App\Controllers\Customer->insert()
 7 SYSTEMPATH\CodeIgniter.php(509): CodeIgniter\CodeIgniter->runController(Object(App\Controllers\Customer))
 8 SYSTEMPATH\CodeIgniter.php(355): CodeIgniter\CodeIgniter->handleRequest(null, Object(Config\Cache), false)
 9 SYSTEMPATH\Boot.php(325): CodeIgniter\CodeIgniter->run()
10 SYSTEMPATH\Boot.php(67): CodeIgniter\Boot::runCodeIgniter(Object(CodeIgniter\CodeIgniter))
11 FCPATH\index.php(56): CodeIgniter\Boot::bootWeb(Object(Config\Paths))
12 SYSTEMPATH\rewrite.php(44): require_once('C:\\xampp\\htdocs\\komal\\Codeigniter\\AdminPanel\\public\\index.php')
CRITICAL - 2024-12-16 06:39:38 --> [Caused by] CodeIgniter\Database\Exceptions\DatabaseException: Column 'image' cannot be null
in SYSTEMPATH\Database\MySQLi\Connection.php on line 317.
 1 SYSTEMPATH\Database\BaseConnection.php(734): CodeIgniter\Database\MySQLi\Connection->execute('INSERT INTO `customer` (`name`, `lastname`, `email`, `city`, `pincode`, `phone`, `address`, `gender`, `image`) VALUES (\'fgg\', \'fdfdg\', \'\', \'Choose...\', \'\', \'\', \'\', \'Male\', NULL)')
 2 SYSTEMPATH\Database\BaseConnection.php(648): CodeIgniter\Database\BaseConnection->simpleQuery('INSERT INTO `customer` (`name`, `lastname`, `email`, `city`, `pincode`, `phone`, `address`, `gender`, `image`) VALUES (\'fgg\', \'fdfdg\', \'\', \'Choose...\', \'\', \'\', \'\', \'Male\', NULL)')
 3 SYSTEMPATH\Database\BaseBuilder.php(2340): CodeIgniter\Database\BaseConnection->query('INSERT INTO `customer` (`name`, `lastname`, `email`, `city`, `pincode`, `phone`, `address`, `gender`, `image`) VALUES (:name:, :lastname:, :email:, :city:, :pincode:, :phone:, :address:, :gender:, :image:)', [...], false)
 4 SYSTEMPATH\Model.php(394): CodeIgniter\Database\BaseBuilder->insert()
 5 SYSTEMPATH\BaseModel.php(840): CodeIgniter\Model->doInsert([...])
 6 SYSTEMPATH\Model.php(802): CodeIgniter\BaseModel->insert([...], true)
 7 APPPATH\Controllers\Customer.php(48): CodeIgniter\Model->insert([...])
 8 SYSTEMPATH\CodeIgniter.php(933): App\Controllers\Customer->insert()
 9 SYSTEMPATH\CodeIgniter.php(509): CodeIgniter\CodeIgniter->runController(Object(App\Controllers\Customer))
10 SYSTEMPATH\CodeIgniter.php(355): CodeIgniter\CodeIgniter->handleRequest(null, Object(Config\Cache), false)
11 SYSTEMPATH\Boot.php(325): CodeIgniter\CodeIgniter->run()
12 SYSTEMPATH\Boot.php(67): CodeIgniter\Boot::runCodeIgniter(Object(CodeIgniter\CodeIgniter))
13 FCPATH\index.php(56): CodeIgniter\Boot::bootWeb(Object(Config\Paths))
14 SYSTEMPATH\rewrite.php(44): require_once('C:\\xampp\\htdocs\\komal\\Codeigniter\\AdminPanel\\public\\index.php')
CRITICAL - 2024-12-16 06:39:38 --> [Caused by] mysqli_sql_exception: Column 'image' cannot be null
in SYSTEMPATH\Database\MySQLi\Connection.php on line 312.
 1 SYSTEMPATH\Database\MySQLi\Connection.php(312): mysqli->query('INSERT INTO `customer` (`name`, `lastname`, `email`, `city`, `pincode`, `phone`, `address`, `gender`, `image`) VALUES (\'fgg\', \'fdfdg\', \'\', \'Choose...\', \'\', \'\', \'\', \'Male\', NULL)', 0)
 2 SYSTEMPATH\Database\BaseConnection.php(734): CodeIgniter\Database\MySQLi\Connection->execute('INSERT INTO `customer` (`name`, `lastname`, `email`, `city`, `pincode`, `phone`, `address`, `gender`, `image`) VALUES (\'fgg\', \'fdfdg\', \'\', \'Choose...\', \'\', \'\', \'\', \'Male\', NULL)')
 3 SYSTEMPATH\Database\BaseConnection.php(648): CodeIgniter\Database\BaseConnection->simpleQuery('INSERT INTO `customer` (`name`, `lastname`, `email`, `city`, `pincode`, `phone`, `address`, `gender`, `image`) VALUES (\'fgg\', \'fdfdg\', \'\', \'Choose...\', \'\', \'\', \'\', \'Male\', NULL)')
 4 SYSTEMPATH\Database\BaseBuilder.php(2340): CodeIgniter\Database\BaseConnection->query('INSERT INTO `customer` (`name`, `lastname`, `email`, `city`, `pincode`, `phone`, `address`, `gender`, `image`) VALUES (:name:, :lastname:, :email:, :city:, :pincode:, :phone:, :address:, :gender:, :image:)', [...], false)
 5 SYSTEMPATH\Model.php(394): CodeIgniter\Database\BaseBuilder->insert()
 6 SYSTEMPATH\BaseModel.php(840): CodeIgniter\Model->doInsert([...])
 7 SYSTEMPATH\Model.php(802): CodeIgniter\BaseModel->insert([...], true)
 8 APPPATH\Controllers\Customer.php(48): CodeIgniter\Model->insert([...])
 9 SYSTEMPATH\CodeIgniter.php(933): App\Controllers\Customer->insert()
10 SYSTEMPATH\CodeIgniter.php(509): CodeIgniter\CodeIgniter->runController(Object(App\Controllers\Customer))
11 SYSTEMPATH\CodeIgniter.php(355): CodeIgniter\CodeIgniter->handleRequest(null, Object(Config\Cache), false)
12 SYSTEMPATH\Boot.php(325): CodeIgniter\CodeIgniter->run()
13 SYSTEMPATH\Boot.php(67): CodeIgniter\Boot::runCodeIgniter(Object(CodeIgniter\CodeIgniter))
14 FCPATH\index.php(56): CodeIgniter\Boot::bootWeb(Object(Config\Paths))
15 SYSTEMPATH\rewrite.php(44): require_once('C:\\xampp\\htdocs\\komal\\Codeigniter\\AdminPanel\\public\\index.php')
CRITICAL - 2024-12-16 06:39:52 --> CodeIgniter\HTTP\Exceptions\HTTPException: Could not move file "php2CD1.tmp" to "C:\xampp\htdocs\komal\Codeigniter\AdminPanel\writable\uploads/". Reason: 
[Method: POST, Route: customer/insert]
in SYSTEMPATH\HTTP\Files\UploadedFile.php on line 154.
 1 SYSTEMPATH\HTTP\Files\UploadedFile.php(154): CodeIgniter\HTTP\Exceptions\HTTPException::forMoveFailed('php2CD1.tmp', 'C:\\xampp\\htdocs\\komal\\Codeigniter\\AdminPanel\\writable\\uploads/', '')
 2 APPPATH\Controllers\Customer.php(30): CodeIgniter\HTTP\Files\UploadedFile->move('C:\\xampp\\htdocs\\komal\\Codeigniter\\AdminPanel\\writable\\uploads/', 'uploads/1734331192_06fb9fd81016c604bcba.png')
 3 SYSTEMPATH\CodeIgniter.php(933): App\Controllers\Customer->insert()
 4 SYSTEMPATH\CodeIgniter.php(509): CodeIgniter\CodeIgniter->runController(Object(App\Controllers\Customer))
 5 SYSTEMPATH\CodeIgniter.php(355): CodeIgniter\CodeIgniter->handleRequest(null, Object(Config\Cache), false)
 6 SYSTEMPATH\Boot.php(325): CodeIgniter\CodeIgniter->run()
 7 SYSTEMPATH\Boot.php(67): CodeIgniter\Boot::runCodeIgniter(Object(CodeIgniter\CodeIgniter))
 8 FCPATH\index.php(56): CodeIgniter\Boot::bootWeb(Object(Config\Paths))
 9 SYSTEMPATH\rewrite.php(44): require_once('C:\\xampp\\htdocs\\komal\\Codeigniter\\AdminPanel\\public\\index.php')
CRITICAL - 2024-12-16 06:41:49 --> CodeIgniter\HTTP\Exceptions\HTTPException: Could not move file "phpF5DA.tmp" to "C:\xampp\htdocs\komal\Codeigniter\AdminPanel\public\uploads/". Reason: 
[Method: POST, Route: customer/insert]
in SYSTEMPATH\HTTP\Files\UploadedFile.php on line 154.
 1 SYSTEMPATH\HTTP\Files\UploadedFile.php(154): CodeIgniter\HTTP\Exceptions\HTTPException::forMoveFailed('phpF5DA.tmp', 'C:\\xampp\\htdocs\\komal\\Codeigniter\\AdminPanel\\public\\uploads/', '')
 2 APPPATH\Controllers\Customer.php(30): CodeIgniter\HTTP\Files\UploadedFile->move('C:\\xampp\\htdocs\\komal\\Codeigniter\\AdminPanel\\public\\uploads/', 'uploads/1734331309_115d6e3eb3029b0d4bb9.png')
 3 SYSTEMPATH\CodeIgniter.php(933): App\Controllers\Customer->insert()
 4 SYSTEMPATH\CodeIgniter.php(509): CodeIgniter\CodeIgniter->runController(Object(App\Controllers\Customer))
 5 SYSTEMPATH\CodeIgniter.php(355): CodeIgniter\CodeIgniter->handleRequest(null, Object(Config\Cache), false)
 6 SYSTEMPATH\Boot.php(325): CodeIgniter\CodeIgniter->run()
 7 SYSTEMPATH\Boot.php(67): CodeIgniter\Boot::runCodeIgniter(Object(CodeIgniter\CodeIgniter))
 8 FCPATH\index.php(56): CodeIgniter\Boot::bootWeb(Object(Config\Paths))
 9 SYSTEMPATH\rewrite.php(44): require_once('C:\\xampp\\htdocs\\komal\\Codeigniter\\AdminPanel\\public\\index.php')
CRITICAL - 2024-12-16 06:47:03 --> CodeIgniter\HTTP\Exceptions\HTTPException: Could not move file "phpC1F2.tmp" to "C:\xampp\htdocs\komal\Codeigniter\AdminPanel\public\uploads/". Reason: 
[Method: POST, Route: customer/insert]
in SYSTEMPATH\HTTP\Files\UploadedFile.php on line 154.
 1 SYSTEMPATH\HTTP\Files\UploadedFile.php(154): CodeIgniter\HTTP\Exceptions\HTTPException::forMoveFailed('phpC1F2.tmp', 'C:\\xampp\\htdocs\\komal\\Codeigniter\\AdminPanel\\public\\uploads/', '')
 2 APPPATH\Controllers\Customer.php(30): CodeIgniter\HTTP\Files\UploadedFile->move('C:\\xampp\\htdocs\\komal\\Codeigniter\\AdminPanel\\public\\uploads/', 'uploads/1734331623_332d7a4824c571498acd.png')
 3 SYSTEMPATH\CodeIgniter.php(933): App\Controllers\Customer->insert()
 4 SYSTEMPATH\CodeIgniter.php(509): CodeIgniter\CodeIgniter->runController(Object(App\Controllers\Customer))
 5 SYSTEMPATH\CodeIgniter.php(355): CodeIgniter\CodeIgniter->handleRequest(null, Object(Config\Cache), false)
 6 SYSTEMPATH\Boot.php(325): CodeIgniter\CodeIgniter->run()
 7 SYSTEMPATH\Boot.php(67): CodeIgniter\Boot::runCodeIgniter(Object(CodeIgniter\CodeIgniter))
 8 FCPATH\index.php(56): CodeIgniter\Boot::bootWeb(Object(Config\Paths))
 9 SYSTEMPATH\rewrite.php(44): require_once('C:\\xampp\\htdocs\\komal\\Codeigniter\\AdminPanel\\public\\index.php')
CRITICAL - 2024-12-16 06:51:29 --> CodeIgniter\HTTP\Exceptions\HTTPException: Could not move file "phpCEC0.tmp" to "C:\xampp\htdocs\komal\Codeigniter\AdminPanel\public/uploads/". Reason: 
[Method: POST, Route: customer/insert]
in SYSTEMPATH\HTTP\Files\UploadedFile.php on line 154.
 1 SYSTEMPATH\HTTP\Files\UploadedFile.php(154): CodeIgniter\HTTP\Exceptions\HTTPException::forMoveFailed('phpCEC0.tmp', 'C:\\xampp\\htdocs\\komal\\Codeigniter\\AdminPanel\\public/uploads/', '')
 2 APPPATH\Controllers\Customer.php(30): CodeIgniter\HTTP\Files\UploadedFile->move('C:\\xampp\\htdocs\\komal\\Codeigniter\\AdminPanel\\public/uploads/', 'uploads/1734331889_6d56e24e35d75dde7733.png')
 3 SYSTEMPATH\CodeIgniter.php(933): App\Controllers\Customer->insert()
 4 SYSTEMPATH\CodeIgniter.php(509): CodeIgniter\CodeIgniter->runController(Object(App\Controllers\Customer))
 5 SYSTEMPATH\CodeIgniter.php(355): CodeIgniter\CodeIgniter->handleRequest(null, Object(Config\Cache), false)
 6 SYSTEMPATH\Boot.php(325): CodeIgniter\CodeIgniter->run()
 7 SYSTEMPATH\Boot.php(67): CodeIgniter\Boot::runCodeIgniter(Object(CodeIgniter\CodeIgniter))
 8 FCPATH\index.php(56): CodeIgniter\Boot::bootWeb(Object(Config\Paths))
 9 SYSTEMPATH\rewrite.php(44): require_once('C:\\xampp\\htdocs\\komal\\Codeigniter\\AdminPanel\\public\\index.php')
CRITICAL - 2024-12-16 06:55:05 --> CodeIgniter\HTTP\Exceptions\HTTPException: Could not move file "php1C95.tmp" to "C:\xampp\htdocs\komal\Codeigniter\AdminPanel\public/uploads/". Reason: 
[Method: POST, Route: customer/insert]
in SYSTEMPATH\HTTP\Files\UploadedFile.php on line 154.
 1 SYSTEMPATH\HTTP\Files\UploadedFile.php(154): CodeIgniter\HTTP\Exceptions\HTTPException::forMoveFailed('php1C95.tmp', 'C:\\xampp\\htdocs\\komal\\Codeigniter\\AdminPanel\\public/uploads/', '')
 2 APPPATH\Controllers\Customer.php(35): CodeIgniter\HTTP\Files\UploadedFile->move('C:\\xampp\\htdocs\\komal\\Codeigniter\\AdminPanel\\public/uploads/', 'uploads/1734332105_28178d100019e9e06bbb.png')
 3 SYSTEMPATH\CodeIgniter.php(933): App\Controllers\Customer->insert()
 4 SYSTEMPATH\CodeIgniter.php(509): CodeIgniter\CodeIgniter->runController(Object(App\Controllers\Customer))
 5 SYSTEMPATH\CodeIgniter.php(355): CodeIgniter\CodeIgniter->handleRequest(null, Object(Config\Cache), false)
 6 SYSTEMPATH\Boot.php(325): CodeIgniter\CodeIgniter->run()
 7 SYSTEMPATH\Boot.php(67): CodeIgniter\Boot::runCodeIgniter(Object(CodeIgniter\CodeIgniter))
 8 FCPATH\index.php(56): CodeIgniter\Boot::bootWeb(Object(Config\Paths))
 9 SYSTEMPATH\rewrite.php(44): require_once('C:\\xampp\\htdocs\\komal\\Codeigniter\\AdminPanel\\public\\index.php')
ERROR - 2024-12-16 07:03:10 --> mysqli_sql_exception: Column 'gender' cannot be null in C:\xampp\htdocs\komal\Codeigniter\AdminPanel\system\Database\MySQLi\Connection.php:312
Stack trace:
#0 C:\xampp\htdocs\komal\Codeigniter\AdminPanel\system\Database\MySQLi\Connection.php(312): mysqli->query('INSERT INTO `cu...', 0)
#1 C:\xampp\htdocs\komal\Codeigniter\AdminPanel\system\Database\BaseConnection.php(734): CodeIgniter\Database\MySQLi\Connection->execute('INSERT INTO `cu...')
#2 C:\xampp\htdocs\komal\Codeigniter\AdminPanel\system\Database\BaseConnection.php(648): CodeIgniter\Database\BaseConnection->simpleQuery('INSERT INTO `cu...')
#3 C:\xampp\htdocs\komal\Codeigniter\AdminPanel\system\Database\BaseBuilder.php(2340): CodeIgniter\Database\BaseConnection->query('INSERT INTO `cu...', Array, false)
#4 C:\xampp\htdocs\komal\Codeigniter\AdminPanel\system\Model.php(394): CodeIgniter\Database\BaseBuilder->insert()
#5 C:\xampp\htdocs\komal\Codeigniter\AdminPanel\system\BaseModel.php(840): CodeIgniter\Model->doInsert(Array)
#6 C:\xampp\htdocs\komal\Codeigniter\AdminPanel\system\Model.php(802): CodeIgniter\BaseModel->insert(Array, true)
#7 C:\xampp\htdocs\komal\Codeigniter\AdminPanel\app\Controllers\Customer.php(48): CodeIgniter\Model->insert(Array)
#8 C:\xampp\htdocs\komal\Codeigniter\AdminPanel\system\CodeIgniter.php(933): App\Controllers\Customer->insert()
#9 C:\xampp\htdocs\komal\Codeigniter\AdminPanel\system\CodeIgniter.php(509): CodeIgniter\CodeIgniter->runController(Object(App\Controllers\Customer))
#10 C:\xampp\htdocs\komal\Codeigniter\AdminPanel\system\CodeIgniter.php(355): CodeIgniter\CodeIgniter->handleRequest(NULL, Object(Config\Cache), false)
#11 C:\xampp\htdocs\komal\Codeigniter\AdminPanel\system\Boot.php(325): CodeIgniter\CodeIgniter->run()
#12 C:\xampp\htdocs\komal\Codeigniter\AdminPanel\system\Boot.php(67): CodeIgniter\Boot::runCodeIgniter(Object(CodeIgniter\CodeIgniter))
#13 C:\xampp\htdocs\komal\Codeigniter\AdminPanel\public\index.php(56): CodeIgniter\Boot::bootWeb(Object(Config\Paths))
#14 C:\xampp\htdocs\komal\Codeigniter\AdminPanel\system\rewrite.php(44): require_once('C:\\xampp\\htdocs...')
#15 {main}
CRITICAL - 2024-12-16 07:03:10 --> CodeIgniter\Database\Exceptions\DatabaseException: Column 'gender' cannot be null
[Method: POST, Route: customer/insert]
in SYSTEMPATH\Database\BaseConnection.php on line 688.
 1 SYSTEMPATH\Database\BaseBuilder.php(2340): CodeIgniter\Database\BaseConnection->query('INSERT INTO `customer` (`name`, `lastname`, `email`, `city`, `pincode`, `phone`, `address`, `gender`, `image`) VALUES (:name:, :lastname:, :email:, :city:, :pincode:, :phone:, :address:, :gender:, :image:)', [...], false)
 2 SYSTEMPATH\Model.php(394): CodeIgniter\Database\BaseBuilder->insert()
 3 SYSTEMPATH\BaseModel.php(840): CodeIgniter\Model->doInsert([...])
 4 SYSTEMPATH\Model.php(802): CodeIgniter\BaseModel->insert([...], true)
 5 APPPATH\Controllers\Customer.php(48): CodeIgniter\Model->insert([...])
 6 SYSTEMPATH\CodeIgniter.php(933): App\Controllers\Customer->insert()
 7 SYSTEMPATH\CodeIgniter.php(509): CodeIgniter\CodeIgniter->runController(Object(App\Controllers\Customer))
 8 SYSTEMPATH\CodeIgniter.php(355): CodeIgniter\CodeIgniter->handleRequest(null, Object(Config\Cache), false)
 9 SYSTEMPATH\Boot.php(325): CodeIgniter\CodeIgniter->run()
10 SYSTEMPATH\Boot.php(67): CodeIgniter\Boot::runCodeIgniter(Object(CodeIgniter\CodeIgniter))
11 FCPATH\index.php(56): CodeIgniter\Boot::bootWeb(Object(Config\Paths))
12 SYSTEMPATH\rewrite.php(44): require_once('C:\\xampp\\htdocs\\komal\\Codeigniter\\AdminPanel\\public\\index.php')
CRITICAL - 2024-12-16 07:03:10 --> [Caused by] CodeIgniter\Database\Exceptions\DatabaseException: Column 'gender' cannot be null
in SYSTEMPATH\Database\MySQLi\Connection.php on line 317.
 1 SYSTEMPATH\Database\BaseConnection.php(734): CodeIgniter\Database\MySQLi\Connection->execute('INSERT INTO `customer` (`name`, `lastname`, `email`, `city`, `pincode`, `phone`, `address`, `gender`, `image`) VALUES (\'komal\', \'makvana\', \'\', \'Choose...\', \'\', \'\', \'\', NULL, NULL)')
 2 SYSTEMPATH\Database\BaseConnection.php(648): CodeIgniter\Database\BaseConnection->simpleQuery('INSERT INTO `customer` (`name`, `lastname`, `email`, `city`, `pincode`, `phone`, `address`, `gender`, `image`) VALUES (\'komal\', \'makvana\', \'\', \'Choose...\', \'\', \'\', \'\', NULL, NULL)')
 3 SYSTEMPATH\Database\BaseBuilder.php(2340): CodeIgniter\Database\BaseConnection->query('INSERT INTO `customer` (`name`, `lastname`, `email`, `city`, `pincode`, `phone`, `address`, `gender`, `image`) VALUES (:name:, :lastname:, :email:, :city:, :pincode:, :phone:, :address:, :gender:, :image:)', [...], false)
 4 SYSTEMPATH\Model.php(394): CodeIgniter\Database\BaseBuilder->insert()
 5 SYSTEMPATH\BaseModel.php(840): CodeIgniter\Model->doInsert([...])
 6 SYSTEMPATH\Model.php(802): CodeIgniter\BaseModel->insert([...], true)
 7 APPPATH\Controllers\Customer.php(48): CodeIgniter\Model->insert([...])
 8 SYSTEMPATH\CodeIgniter.php(933): App\Controllers\Customer->insert()
 9 SYSTEMPATH\CodeIgniter.php(509): CodeIgniter\CodeIgniter->runController(Object(App\Controllers\Customer))
10 SYSTEMPATH\CodeIgniter.php(355): CodeIgniter\CodeIgniter->handleRequest(null, Object(Config\Cache), false)
11 SYSTEMPATH\Boot.php(325): CodeIgniter\CodeIgniter->run()
12 SYSTEMPATH\Boot.php(67): CodeIgniter\Boot::runCodeIgniter(Object(CodeIgniter\CodeIgniter))
13 FCPATH\index.php(56): CodeIgniter\Boot::bootWeb(Object(Config\Paths))
14 SYSTEMPATH\rewrite.php(44): require_once('C:\\xampp\\htdocs\\komal\\Codeigniter\\AdminPanel\\public\\index.php')
CRITICAL - 2024-12-16 07:03:10 --> [Caused by] mysqli_sql_exception: Column 'gender' cannot be null
in SYSTEMPATH\Database\MySQLi\Connection.php on line 312.
 1 SYSTEMPATH\Database\MySQLi\Connection.php(312): mysqli->query('INSERT INTO `customer` (`name`, `lastname`, `email`, `city`, `pincode`, `phone`, `address`, `gender`, `image`) VALUES (\'komal\', \'makvana\', \'\', \'Choose...\', \'\', \'\', \'\', NULL, NULL)', 0)
 2 SYSTEMPATH\Database\BaseConnection.php(734): CodeIgniter\Database\MySQLi\Connection->execute('INSERT INTO `customer` (`name`, `lastname`, `email`, `city`, `pincode`, `phone`, `address`, `gender`, `image`) VALUES (\'komal\', \'makvana\', \'\', \'Choose...\', \'\', \'\', \'\', NULL, NULL)')
 3 SYSTEMPATH\Database\BaseConnection.php(648): CodeIgniter\Database\BaseConnection->simpleQuery('INSERT INTO `customer` (`name`, `lastname`, `email`, `city`, `pincode`, `phone`, `address`, `gender`, `image`) VALUES (\'komal\', \'makvana\', \'\', \'Choose...\', \'\', \'\', \'\', NULL, NULL)')
 4 SYSTEMPATH\Database\BaseBuilder.php(2340): CodeIgniter\Database\BaseConnection->query('INSERT INTO `customer` (`name`, `lastname`, `email`, `city`, `pincode`, `phone`, `address`, `gender`, `image`) VALUES (:name:, :lastname:, :email:, :city:, :pincode:, :phone:, :address:, :gender:, :image:)', [...], false)
 5 SYSTEMPATH\Model.php(394): CodeIgniter\Database\BaseBuilder->insert()
 6 SYSTEMPATH\BaseModel.php(840): CodeIgniter\Model->doInsert([...])
 7 SYSTEMPATH\Model.php(802): CodeIgniter\BaseModel->insert([...], true)
 8 APPPATH\Controllers\Customer.php(48): CodeIgniter\Model->insert([...])
 9 SYSTEMPATH\CodeIgniter.php(933): App\Controllers\Customer->insert()
10 SYSTEMPATH\CodeIgniter.php(509): CodeIgniter\CodeIgniter->runController(Object(App\Controllers\Customer))
11 SYSTEMPATH\CodeIgniter.php(355): CodeIgniter\CodeIgniter->handleRequest(null, Object(Config\Cache), false)
12 SYSTEMPATH\Boot.php(325): CodeIgniter\CodeIgniter->run()
13 SYSTEMPATH\Boot.php(67): CodeIgniter\Boot::runCodeIgniter(Object(CodeIgniter\CodeIgniter))
14 FCPATH\index.php(56): CodeIgniter\Boot::bootWeb(Object(Config\Paths))
15 SYSTEMPATH\rewrite.php(44): require_once('C:\\xampp\\htdocs\\komal\\Codeigniter\\AdminPanel\\public\\index.php')
CRITICAL - 2024-12-16 07:03:51 --> CodeIgniter\HTTP\Exceptions\HTTPException: Could not move file "php2375.tmp" to "C:\xampp\htdocs\komal\Codeigniter\AdminPanel\public\public/uploads/". Reason: 
[Method: POST, Route: customer/insert]
in SYSTEMPATH\HTTP\Files\UploadedFile.php on line 154.
 1 SYSTEMPATH\HTTP\Files\UploadedFile.php(154): CodeIgniter\HTTP\Exceptions\HTTPException::forMoveFailed('php2375.tmp', 'C:\\xampp\\htdocs\\komal\\Codeigniter\\AdminPanel\\public\\public/uploads/', '')
 2 APPPATH\Controllers\Customer.php(30): CodeIgniter\HTTP\Files\UploadedFile->move('C:\\xampp\\htdocs\\komal\\Codeigniter\\AdminPanel\\public\\public/uploads/', 'uploads/1734332631_e49f2c540f3bfc53706d.png')
 3 SYSTEMPATH\CodeIgniter.php(933): App\Controllers\Customer->insert()
 4 SYSTEMPATH\CodeIgniter.php(509): CodeIgniter\CodeIgniter->runController(Object(App\Controllers\Customer))
 5 SYSTEMPATH\CodeIgniter.php(355): CodeIgniter\CodeIgniter->handleRequest(null, Object(Config\Cache), false)
 6 SYSTEMPATH\Boot.php(325): CodeIgniter\CodeIgniter->run()
 7 SYSTEMPATH\Boot.php(67): CodeIgniter\Boot::runCodeIgniter(Object(CodeIgniter\CodeIgniter))
 8 FCPATH\index.php(56): CodeIgniter\Boot::bootWeb(Object(Config\Paths))
 9 SYSTEMPATH\rewrite.php(44): require_once('C:\\xampp\\htdocs\\komal\\Codeigniter\\AdminPanel\\public\\index.php')
ERROR - 2024-12-16 07:04:28 --> mysqli_sql_exception: Column 'gender' cannot be null in C:\xampp\htdocs\komal\Codeigniter\AdminPanel\system\Database\MySQLi\Connection.php:312
Stack trace:
#0 C:\xampp\htdocs\komal\Codeigniter\AdminPanel\system\Database\MySQLi\Connection.php(312): mysqli->query('INSERT INTO `cu...', 0)
#1 C:\xampp\htdocs\komal\Codeigniter\AdminPanel\system\Database\BaseConnection.php(734): CodeIgniter\Database\MySQLi\Connection->execute('INSERT INTO `cu...')
#2 C:\xampp\htdocs\komal\Codeigniter\AdminPanel\system\Database\BaseConnection.php(648): CodeIgniter\Database\BaseConnection->simpleQuery('INSERT INTO `cu...')
#3 C:\xampp\htdocs\komal\Codeigniter\AdminPanel\system\Database\BaseBuilder.php(2340): CodeIgniter\Database\BaseConnection->query('INSERT INTO `cu...', Array, false)
#4 C:\xampp\htdocs\komal\Codeigniter\AdminPanel\system\Model.php(394): CodeIgniter\Database\BaseBuilder->insert()
#5 C:\xampp\htdocs\komal\Codeigniter\AdminPanel\system\BaseModel.php(840): CodeIgniter\Model->doInsert(Array)
#6 C:\xampp\htdocs\komal\Codeigniter\AdminPanel\system\Model.php(802): CodeIgniter\BaseModel->insert(Array, true)
#7 C:\xampp\htdocs\komal\Codeigniter\AdminPanel\app\Controllers\Customer.php(48): CodeIgniter\Model->insert(Array)
#8 C:\xampp\htdocs\komal\Codeigniter\AdminPanel\system\CodeIgniter.php(933): App\Controllers\Customer->insert()
#9 C:\xampp\htdocs\komal\Codeigniter\AdminPanel\system\CodeIgniter.php(509): CodeIgniter\CodeIgniter->runController(Object(App\Controllers\Customer))
#10 C:\xampp\htdocs\komal\Codeigniter\AdminPanel\system\CodeIgniter.php(355): CodeIgniter\CodeIgniter->handleRequest(NULL, Object(Config\Cache), false)
#11 C:\xampp\htdocs\komal\Codeigniter\AdminPanel\system\Boot.php(325): CodeIgniter\CodeIgniter->run()
#12 C:\xampp\htdocs\komal\Codeigniter\AdminPanel\system\Boot.php(67): CodeIgniter\Boot::runCodeIgniter(Object(CodeIgniter\CodeIgniter))
#13 C:\xampp\htdocs\komal\Codeigniter\AdminPanel\public\index.php(56): CodeIgniter\Boot::bootWeb(Object(Config\Paths))
#14 C:\xampp\htdocs\komal\Codeigniter\AdminPanel\system\rewrite.php(44): require_once('C:\\xampp\\htdocs...')
#15 {main}
CRITICAL - 2024-12-16 07:04:29 --> CodeIgniter\Database\Exceptions\DatabaseException: Column 'gender' cannot be null
[Method: POST, Route: customer/insert]
in SYSTEMPATH\Database\BaseConnection.php on line 688.
 1 SYSTEMPATH\Database\BaseBuilder.php(2340): CodeIgniter\Database\BaseConnection->query('INSERT INTO `customer` (`name`, `lastname`, `email`, `city`, `pincode`, `phone`, `address`, `gender`, `image`) VALUES (:name:, :lastname:, :email:, :city:, :pincode:, :phone:, :address:, :gender:, :image:)', [...], false)
 2 SYSTEMPATH\Model.php(394): CodeIgniter\Database\BaseBuilder->insert()
 3 SYSTEMPATH\BaseModel.php(840): CodeIgniter\Model->doInsert([...])
 4 SYSTEMPATH\Model.php(802): CodeIgniter\BaseModel->insert([...], true)
 5 APPPATH\Controllers\Customer.php(48): CodeIgniter\Model->insert([...])
 6 SYSTEMPATH\CodeIgniter.php(933): App\Controllers\Customer->insert()
 7 SYSTEMPATH\CodeIgniter.php(509): CodeIgniter\CodeIgniter->runController(Object(App\Controllers\Customer))
 8 SYSTEMPATH\CodeIgniter.php(355): CodeIgniter\CodeIgniter->handleRequest(null, Object(Config\Cache), false)
 9 SYSTEMPATH\Boot.php(325): CodeIgniter\CodeIgniter->run()
10 SYSTEMPATH\Boot.php(67): CodeIgniter\Boot::runCodeIgniter(Object(CodeIgniter\CodeIgniter))
11 FCPATH\index.php(56): CodeIgniter\Boot::bootWeb(Object(Config\Paths))
12 SYSTEMPATH\rewrite.php(44): require_once('C:\\xampp\\htdocs\\komal\\Codeigniter\\AdminPanel\\public\\index.php')
CRITICAL - 2024-12-16 07:04:29 --> [Caused by] CodeIgniter\Database\Exceptions\DatabaseException: Column 'gender' cannot be null
in SYSTEMPATH\Database\MySQLi\Connection.php on line 317.
 1 SYSTEMPATH\Database\BaseConnection.php(734): CodeIgniter\Database\MySQLi\Connection->execute('INSERT INTO `customer` (`name`, `lastname`, `email`, `city`, `pincode`, `phone`, `address`, `gender`, `image`) VALUES (\'\', \'\', \'\', \'Choose...\', \'\', \'\', \'\', NULL, NULL)')
 2 SYSTEMPATH\Database\BaseConnection.php(648): CodeIgniter\Database\BaseConnection->simpleQuery('INSERT INTO `customer` (`name`, `lastname`, `email`, `city`, `pincode`, `phone`, `address`, `gender`, `image`) VALUES (\'\', \'\', \'\', \'Choose...\', \'\', \'\', \'\', NULL, NULL)')
 3 SYSTEMPATH\Database\BaseBuilder.php(2340): CodeIgniter\Database\BaseConnection->query('INSERT INTO `customer` (`name`, `lastname`, `email`, `city`, `pincode`, `phone`, `address`, `gender`, `image`) VALUES (:name:, :lastname:, :email:, :city:, :pincode:, :phone:, :address:, :gender:, :image:)', [...], false)
 4 SYSTEMPATH\Model.php(394): CodeIgniter\Database\BaseBuilder->insert()
 5 SYSTEMPATH\BaseModel.php(840): CodeIgniter\Model->doInsert([...])
 6 SYSTEMPATH\Model.php(802): CodeIgniter\BaseModel->insert([...], true)
 7 APPPATH\Controllers\Customer.php(48): CodeIgniter\Model->insert([...])
 8 SYSTEMPATH\CodeIgniter.php(933): App\Controllers\Customer->insert()
 9 SYSTEMPATH\CodeIgniter.php(509): CodeIgniter\CodeIgniter->runController(Object(App\Controllers\Customer))
10 SYSTEMPATH\CodeIgniter.php(355): CodeIgniter\CodeIgniter->handleRequest(null, Object(Config\Cache), false)
11 SYSTEMPATH\Boot.php(325): CodeIgniter\CodeIgniter->run()
12 SYSTEMPATH\Boot.php(67): CodeIgniter\Boot::runCodeIgniter(Object(CodeIgniter\CodeIgniter))
13 FCPATH\index.php(56): CodeIgniter\Boot::bootWeb(Object(Config\Paths))
14 SYSTEMPATH\rewrite.php(44): require_once('C:\\xampp\\htdocs\\komal\\Codeigniter\\AdminPanel\\public\\index.php')
CRITICAL - 2024-12-16 07:04:29 --> [Caused by] mysqli_sql_exception: Column 'gender' cannot be null
in SYSTEMPATH\Database\MySQLi\Connection.php on line 312.
 1 SYSTEMPATH\Database\MySQLi\Connection.php(312): mysqli->query('INSERT INTO `customer` (`name`, `lastname`, `email`, `city`, `pincode`, `phone`, `address`, `gender`, `image`) VALUES (\'\', \'\', \'\', \'Choose...\', \'\', \'\', \'\', NULL, NULL)', 0)
 2 SYSTEMPATH\Database\BaseConnection.php(734): CodeIgniter\Database\MySQLi\Connection->execute('INSERT INTO `customer` (`name`, `lastname`, `email`, `city`, `pincode`, `phone`, `address`, `gender`, `image`) VALUES (\'\', \'\', \'\', \'Choose...\', \'\', \'\', \'\', NULL, NULL)')
 3 SYSTEMPATH\Database\BaseConnection.php(648): CodeIgniter\Database\BaseConnection->simpleQuery('INSERT INTO `customer` (`name`, `lastname`, `email`, `city`, `pincode`, `phone`, `address`, `gender`, `image`) VALUES (\'\', \'\', \'\', \'Choose...\', \'\', \'\', \'\', NULL, NULL)')
 4 SYSTEMPATH\Database\BaseBuilder.php(2340): CodeIgniter\Database\BaseConnection->query('INSERT INTO `customer` (`name`, `lastname`, `email`, `city`, `pincode`, `phone`, `address`, `gender`, `image`) VALUES (:name:, :lastname:, :email:, :city:, :pincode:, :phone:, :address:, :gender:, :image:)', [...], false)
 5 SYSTEMPATH\Model.php(394): CodeIgniter\Database\BaseBuilder->insert()
 6 SYSTEMPATH\BaseModel.php(840): CodeIgniter\Model->doInsert([...])
 7 SYSTEMPATH\Model.php(802): CodeIgniter\BaseModel->insert([...], true)
 8 APPPATH\Controllers\Customer.php(48): CodeIgniter\Model->insert([...])
 9 SYSTEMPATH\CodeIgniter.php(933): App\Controllers\Customer->insert()
10 SYSTEMPATH\CodeIgniter.php(509): CodeIgniter\CodeIgniter->runController(Object(App\Controllers\Customer))
11 SYSTEMPATH\CodeIgniter.php(355): CodeIgniter\CodeIgniter->handleRequest(null, Object(Config\Cache), false)
12 SYSTEMPATH\Boot.php(325): CodeIgniter\CodeIgniter->run()
13 SYSTEMPATH\Boot.php(67): CodeIgniter\Boot::runCodeIgniter(Object(CodeIgniter\CodeIgniter))
14 FCPATH\index.php(56): CodeIgniter\Boot::bootWeb(Object(Config\Paths))
15 SYSTEMPATH\rewrite.php(44): require_once('C:\\xampp\\htdocs\\komal\\Codeigniter\\AdminPanel\\public\\index.php')
CRITICAL - 2024-12-16 07:04:36 --> CodeIgniter\HTTP\Exceptions\HTTPException: Could not move file "phpD2B1.tmp" to "C:\xampp\htdocs\komal\Codeigniter\AdminPanel\public\uploads/". Reason: 
[Method: POST, Route: customer/insert]
in SYSTEMPATH\HTTP\Files\UploadedFile.php on line 154.
 1 SYSTEMPATH\HTTP\Files\UploadedFile.php(154): CodeIgniter\HTTP\Exceptions\HTTPException::forMoveFailed('phpD2B1.tmp', 'C:\\xampp\\htdocs\\komal\\Codeigniter\\AdminPanel\\public\\uploads/', '')
 2 APPPATH\Controllers\Customer.php(30): CodeIgniter\HTTP\Files\UploadedFile->move('C:\\xampp\\htdocs\\komal\\Codeigniter\\AdminPanel\\public\\uploads/', 'uploads/1734332676_079b66d8fec246c6c933.png')
 3 SYSTEMPATH\CodeIgniter.php(933): App\Controllers\Customer->insert()
 4 SYSTEMPATH\CodeIgniter.php(509): CodeIgniter\CodeIgniter->runController(Object(App\Controllers\Customer))
 5 SYSTEMPATH\CodeIgniter.php(355): CodeIgniter\CodeIgniter->handleRequest(null, Object(Config\Cache), false)
 6 SYSTEMPATH\Boot.php(325): CodeIgniter\CodeIgniter->run()
 7 SYSTEMPATH\Boot.php(67): CodeIgniter\Boot::runCodeIgniter(Object(CodeIgniter\CodeIgniter))
 8 FCPATH\index.php(56): CodeIgniter\Boot::bootWeb(Object(Config\Paths))
 9 SYSTEMPATH\rewrite.php(44): require_once('C:\\xampp\\htdocs\\komal\\Codeigniter\\AdminPanel\\public\\index.php')
ERROR - 2024-12-16 07:08:42 --> mysqli_sql_exception: Column 'gender' cannot be null in C:\xampp\htdocs\komal\Codeigniter\AdminPanel\system\Database\MySQLi\Connection.php:312
Stack trace:
#0 C:\xampp\htdocs\komal\Codeigniter\AdminPanel\system\Database\MySQLi\Connection.php(312): mysqli->query('INSERT INTO `cu...', 0)
#1 C:\xampp\htdocs\komal\Codeigniter\AdminPanel\system\Database\BaseConnection.php(734): CodeIgniter\Database\MySQLi\Connection->execute('INSERT INTO `cu...')
#2 C:\xampp\htdocs\komal\Codeigniter\AdminPanel\system\Database\BaseConnection.php(648): CodeIgniter\Database\BaseConnection->simpleQuery('INSERT INTO `cu...')
#3 C:\xampp\htdocs\komal\Codeigniter\AdminPanel\system\Database\BaseBuilder.php(2340): CodeIgniter\Database\BaseConnection->query('INSERT INTO `cu...', Array, false)
#4 C:\xampp\htdocs\komal\Codeigniter\AdminPanel\system\Model.php(394): CodeIgniter\Database\BaseBuilder->insert()
#5 C:\xampp\htdocs\komal\Codeigniter\AdminPanel\system\BaseModel.php(840): CodeIgniter\Model->doInsert(Array)
#6 C:\xampp\htdocs\komal\Codeigniter\AdminPanel\system\Model.php(802): CodeIgniter\BaseModel->insert(Array, true)
#7 C:\xampp\htdocs\komal\Codeigniter\AdminPanel\app\Controllers\Customer.php(51): CodeIgniter\Model->insert(Array)
#8 C:\xampp\htdocs\komal\Codeigniter\AdminPanel\system\CodeIgniter.php(933): App\Controllers\Customer->insert()
#9 C:\xampp\htdocs\komal\Codeigniter\AdminPanel\system\CodeIgniter.php(509): CodeIgniter\CodeIgniter->runController(Object(App\Controllers\Customer))
#10 C:\xampp\htdocs\komal\Codeigniter\AdminPanel\system\CodeIgniter.php(355): CodeIgniter\CodeIgniter->handleRequest(NULL, Object(Config\Cache), false)
#11 C:\xampp\htdocs\komal\Codeigniter\AdminPanel\system\Boot.php(325): CodeIgniter\CodeIgniter->run()
#12 C:\xampp\htdocs\komal\Codeigniter\AdminPanel\system\Boot.php(67): CodeIgniter\Boot::runCodeIgniter(Object(CodeIgniter\CodeIgniter))
#13 C:\xampp\htdocs\komal\Codeigniter\AdminPanel\public\index.php(56): CodeIgniter\Boot::bootWeb(Object(Config\Paths))
#14 C:\xampp\htdocs\komal\Codeigniter\AdminPanel\system\rewrite.php(44): require_once('C:\\xampp\\htdocs...')
#15 {main}
CRITICAL - 2024-12-16 07:08:42 --> CodeIgniter\Database\Exceptions\DatabaseException: Column 'gender' cannot be null
[Method: POST, Route: customer/insert]
in SYSTEMPATH\Database\BaseConnection.php on line 688.
 1 SYSTEMPATH\Database\BaseBuilder.php(2340): CodeIgniter\Database\BaseConnection->query('INSERT INTO `customer` (`name`, `lastname`, `email`, `city`, `pincode`, `phone`, `address`, `gender`, `image`) VALUES (:name:, :lastname:, :email:, :city:, :pincode:, :phone:, :address:, :gender:, :image:)', [...], false)
 2 SYSTEMPATH\Model.php(394): CodeIgniter\Database\BaseBuilder->insert()
 3 SYSTEMPATH\BaseModel.php(840): CodeIgniter\Model->doInsert([...])
 4 SYSTEMPATH\Model.php(802): CodeIgniter\BaseModel->insert([...], true)
 5 APPPATH\Controllers\Customer.php(51): CodeIgniter\Model->insert([...])
 6 SYSTEMPATH\CodeIgniter.php(933): App\Controllers\Customer->insert()
 7 SYSTEMPATH\CodeIgniter.php(509): CodeIgniter\CodeIgniter->runController(Object(App\Controllers\Customer))
 8 SYSTEMPATH\CodeIgniter.php(355): CodeIgniter\CodeIgniter->handleRequest(null, Object(Config\Cache), false)
 9 SYSTEMPATH\Boot.php(325): CodeIgniter\CodeIgniter->run()
10 SYSTEMPATH\Boot.php(67): CodeIgniter\Boot::runCodeIgniter(Object(CodeIgniter\CodeIgniter))
11 FCPATH\index.php(56): CodeIgniter\Boot::bootWeb(Object(Config\Paths))
12 SYSTEMPATH\rewrite.php(44): require_once('C:\\xampp\\htdocs\\komal\\Codeigniter\\AdminPanel\\public\\index.php')
CRITICAL - 2024-12-16 07:08:42 --> [Caused by] CodeIgniter\Database\Exceptions\DatabaseException: Column 'gender' cannot be null
in SYSTEMPATH\Database\MySQLi\Connection.php on line 317.
 1 SYSTEMPATH\Database\BaseConnection.php(734): CodeIgniter\Database\MySQLi\Connection->execute('INSERT INTO `customer` (`name`, `lastname`, `email`, `city`, `pincode`, `phone`, `address`, `gender`, `image`) VALUES (\'\', \'\', \'\', \'Choose...\', \'\', \'\', \'\', NULL, \'uploads/1734332922_e1c85487b6f64f905667.png\')')
 2 SYSTEMPATH\Database\BaseConnection.php(648): CodeIgniter\Database\BaseConnection->simpleQuery('INSERT INTO `customer` (`name`, `lastname`, `email`, `city`, `pincode`, `phone`, `address`, `gender`, `image`) VALUES (\'\', \'\', \'\', \'Choose...\', \'\', \'\', \'\', NULL, \'uploads/1734332922_e1c85487b6f64f905667.png\')')
 3 SYSTEMPATH\Database\BaseBuilder.php(2340): CodeIgniter\Database\BaseConnection->query('INSERT INTO `customer` (`name`, `lastname`, `email`, `city`, `pincode`, `phone`, `address`, `gender`, `image`) VALUES (:name:, :lastname:, :email:, :city:, :pincode:, :phone:, :address:, :gender:, :image:)', [...], false)
 4 SYSTEMPATH\Model.php(394): CodeIgniter\Database\BaseBuilder->insert()
 5 SYSTEMPATH\BaseModel.php(840): CodeIgniter\Model->doInsert([...])
 6 SYSTEMPATH\Model.php(802): CodeIgniter\BaseModel->insert([...], true)
 7 APPPATH\Controllers\Customer.php(51): CodeIgniter\Model->insert([...])
 8 SYSTEMPATH\CodeIgniter.php(933): App\Controllers\Customer->insert()
 9 SYSTEMPATH\CodeIgniter.php(509): CodeIgniter\CodeIgniter->runController(Object(App\Controllers\Customer))
10 SYSTEMPATH\CodeIgniter.php(355): CodeIgniter\CodeIgniter->handleRequest(null, Object(Config\Cache), false)
11 SYSTEMPATH\Boot.php(325): CodeIgniter\CodeIgniter->run()
12 SYSTEMPATH\Boot.php(67): CodeIgniter\Boot::runCodeIgniter(Object(CodeIgniter\CodeIgniter))
13 FCPATH\index.php(56): CodeIgniter\Boot::bootWeb(Object(Config\Paths))
14 SYSTEMPATH\rewrite.php(44): require_once('C:\\xampp\\htdocs\\komal\\Codeigniter\\AdminPanel\\public\\index.php')
CRITICAL - 2024-12-16 07:08:42 --> [Caused by] mysqli_sql_exception: Column 'gender' cannot be null
in SYSTEMPATH\Database\MySQLi\Connection.php on line 312.
 1 SYSTEMPATH\Database\MySQLi\Connection.php(312): mysqli->query('INSERT INTO `customer` (`name`, `lastname`, `email`, `city`, `pincode`, `phone`, `address`, `gender`, `image`) VALUES (\'\', \'\', \'\', \'Choose...\', \'\', \'\', \'\', NULL, \'uploads/1734332922_e1c85487b6f64f905667.png\')', 0)
 2 SYSTEMPATH\Database\BaseConnection.php(734): CodeIgniter\Database\MySQLi\Connection->execute('INSERT INTO `customer` (`name`, `lastname`, `email`, `city`, `pincode`, `phone`, `address`, `gender`, `image`) VALUES (\'\', \'\', \'\', \'Choose...\', \'\', \'\', \'\', NULL, \'uploads/1734332922_e1c85487b6f64f905667.png\')')
 3 SYSTEMPATH\Database\BaseConnection.php(648): CodeIgniter\Database\BaseConnection->simpleQuery('INSERT INTO `customer` (`name`, `lastname`, `email`, `city`, `pincode`, `phone`, `address`, `gender`, `image`) VALUES (\'\', \'\', \'\', \'Choose...\', \'\', \'\', \'\', NULL, \'uploads/1734332922_e1c85487b6f64f905667.png\')')
 4 SYSTEMPATH\Database\BaseBuilder.php(2340): CodeIgniter\Database\BaseConnection->query('INSERT INTO `customer` (`name`, `lastname`, `email`, `city`, `pincode`, `phone`, `address`, `gender`, `image`) VALUES (:name:, :lastname:, :email:, :city:, :pincode:, :phone:, :address:, :gender:, :image:)', [...], false)
 5 SYSTEMPATH\Model.php(394): CodeIgniter\Database\BaseBuilder->insert()
 6 SYSTEMPATH\BaseModel.php(840): CodeIgniter\Model->doInsert([...])
 7 SYSTEMPATH\Model.php(802): CodeIgniter\BaseModel->insert([...], true)
 8 APPPATH\Controllers\Customer.php(51): CodeIgniter\Model->insert([...])
 9 SYSTEMPATH\CodeIgniter.php(933): App\Controllers\Customer->insert()
10 SYSTEMPATH\CodeIgniter.php(509): CodeIgniter\CodeIgniter->runController(Object(App\Controllers\Customer))
11 SYSTEMPATH\CodeIgniter.php(355): CodeIgniter\CodeIgniter->handleRequest(null, Object(Config\Cache), false)
12 SYSTEMPATH\Boot.php(325): CodeIgniter\CodeIgniter->run()
13 SYSTEMPATH\Boot.php(67): CodeIgniter\Boot::runCodeIgniter(Object(CodeIgniter\CodeIgniter))
14 FCPATH\index.php(56): CodeIgniter\Boot::bootWeb(Object(Config\Paths))
15 SYSTEMPATH\rewrite.php(44): require_once('C:\\xampp\\htdocs\\komal\\Codeigniter\\AdminPanel\\public\\index.php')
CRITICAL - 2024-12-16 10:29:14 --> CodeIgniter\HTTP\Exceptions\BadRequestException: The URI you submitted has disallowed characters: "logos.jpg""
[Method: GET, Route: public/assets/images/logos.jpg%22]
in SYSTEMPATH\Router\Router.php on line 737.
 1 SYSTEMPATH\Router\Router.php(204): CodeIgniter\Router\Router->checkDisallowedChars('public/assets/images/logos.jpg"')
 2 SYSTEMPATH\CodeIgniter.php(834): CodeIgniter\Router\Router->handle('public/assets/images/logos.jpg"')
 3 SYSTEMPATH\CodeIgniter.php(457): CodeIgniter\CodeIgniter->tryToRouteIt(Object(CodeIgniter\Router\RouteCollection))
 4 SYSTEMPATH\CodeIgniter.php(355): CodeIgniter\CodeIgniter->handleRequest(null, Object(Config\Cache), false)
 5 SYSTEMPATH\Boot.php(325): CodeIgniter\CodeIgniter->run()
 6 SYSTEMPATH\Boot.php(67): CodeIgniter\Boot::runCodeIgniter(Object(CodeIgniter\CodeIgniter))
 7 FCPATH\index.php(56): CodeIgniter\Boot::bootWeb(Object(Config\Paths))
 8 SYSTEMPATH\rewrite.php(44): require_once('C:\\xampp\\htdocs\\komal\\Codeigniter\\AdminPanel\\public\\index.php')
CRITICAL - 2024-12-16 10:30:10 --> CodeIgniter\HTTP\Exceptions\BadRequestException: The URI you submitted has disallowed characters: "logos.jpg""
[Method: GET, Route: public/assets/images/logos.jpg%22]
in SYSTEMPATH\Router\Router.php on line 737.
 1 SYSTEMPATH\Router\Router.php(204): CodeIgniter\Router\Router->checkDisallowedChars('public/assets/images/logos.jpg"')
 2 SYSTEMPATH\CodeIgniter.php(834): CodeIgniter\Router\Router->handle('public/assets/images/logos.jpg"')
 3 SYSTEMPATH\CodeIgniter.php(457): CodeIgniter\CodeIgniter->tryToRouteIt(Object(CodeIgniter\Router\RouteCollection))
 4 SYSTEMPATH\CodeIgniter.php(355): CodeIgniter\CodeIgniter->handleRequest(null, Object(Config\Cache), false)
 5 SYSTEMPATH\Boot.php(325): CodeIgniter\CodeIgniter->run()
 6 SYSTEMPATH\Boot.php(67): CodeIgniter\Boot::runCodeIgniter(Object(CodeIgniter\CodeIgniter))
 7 FCPATH\index.php(56): CodeIgniter\Boot::bootWeb(Object(Config\Paths))
 8 SYSTEMPATH\rewrite.php(44): require_once('C:\\xampp\\htdocs\\komal\\Codeigniter\\AdminPanel\\public\\index.php')
DEBUG - 2024-12-16 11:49:39 --> Image URL: 
CRITICAL - 2024-12-16 12:47:55 --> CodeIgniter\Database\Exceptions\DatabaseException: Deletes are not allowed unless they contain a "where" or "like" clause.
[Method: POST, Route: category/delete/0]
in SYSTEMPATH\Database\BaseBuilder.php on line 2814.
 1 SYSTEMPATH\Model.php(521): CodeIgniter\Database\BaseBuilder->delete()
 2 SYSTEMPATH\BaseModel.php(1158): CodeIgniter\Model->doDelete('0', false)
 3 APPPATH\Controllers\CategoryController.php(85): CodeIgniter\BaseModel->delete('0')
 4 SYSTEMPATH\CodeIgniter.php(933): App\Controllers\CategoryController->delete('0')
 5 SYSTEMPATH\CodeIgniter.php(509): CodeIgniter\CodeIgniter->runController(Object(App\Controllers\CategoryController))
 6 SYSTEMPATH\CodeIgniter.php(355): CodeIgniter\CodeIgniter->handleRequest(null, Object(Config\Cache), false)
 7 SYSTEMPATH\Boot.php(325): CodeIgniter\CodeIgniter->run()
 8 SYSTEMPATH\Boot.php(67): CodeIgniter\Boot::runCodeIgniter(Object(CodeIgniter\CodeIgniter))
 9 FCPATH\index.php(56): CodeIgniter\Boot::bootWeb(Object(Config\Paths))
CRITICAL - 2024-12-16 12:48:01 --> CodeIgniter\Database\Exceptions\DatabaseException: Deletes are not allowed unless they contain a "where" or "like" clause.
[Method: POST, Route: category/delete/0]
in SYSTEMPATH\Database\BaseBuilder.php on line 2814.
 1 SYSTEMPATH\Model.php(521): CodeIgniter\Database\BaseBuilder->delete()
 2 SYSTEMPATH\BaseModel.php(1158): CodeIgniter\Model->doDelete('0', false)
 3 APPPATH\Controllers\CategoryController.php(85): CodeIgniter\BaseModel->delete('0')
 4 SYSTEMPATH\CodeIgniter.php(933): App\Controllers\CategoryController->delete('0')
 5 SYSTEMPATH\CodeIgniter.php(509): CodeIgniter\CodeIgniter->runController(Object(App\Controllers\CategoryController))
 6 SYSTEMPATH\CodeIgniter.php(355): CodeIgniter\CodeIgniter->handleRequest(null, Object(Config\Cache), false)
 7 SYSTEMPATH\Boot.php(325): CodeIgniter\CodeIgniter->run()
 8 SYSTEMPATH\Boot.php(67): CodeIgniter\Boot::runCodeIgniter(Object(CodeIgniter\CodeIgniter))
 9 FCPATH\index.php(56): CodeIgniter\Boot::bootWeb(Object(Config\Paths))
CRITICAL - 2024-12-16 12:48:05 --> CodeIgniter\Database\Exceptions\DatabaseException: Deletes are not allowed unless they contain a "where" or "like" clause.
[Method: POST, Route: category/delete/0]
in SYSTEMPATH\Database\BaseBuilder.php on line 2814.
 1 SYSTEMPATH\Model.php(521): CodeIgniter\Database\BaseBuilder->delete()
 2 SYSTEMPATH\BaseModel.php(1158): CodeIgniter\Model->doDelete('0', false)
 3 APPPATH\Controllers\CategoryController.php(85): CodeIgniter\BaseModel->delete('0')
 4 SYSTEMPATH\CodeIgniter.php(933): App\Controllers\CategoryController->delete('0')
 5 SYSTEMPATH\CodeIgniter.php(509): CodeIgniter\CodeIgniter->runController(Object(App\Controllers\CategoryController))
 6 SYSTEMPATH\CodeIgniter.php(355): CodeIgniter\CodeIgniter->handleRequest(null, Object(Config\Cache), false)
 7 SYSTEMPATH\Boot.php(325): CodeIgniter\CodeIgniter->run()
 8 SYSTEMPATH\Boot.php(67): CodeIgniter\Boot::runCodeIgniter(Object(CodeIgniter\CodeIgniter))
 9 FCPATH\index.php(56): CodeIgniter\Boot::bootWeb(Object(Config\Paths))
CRITICAL - 2024-12-16 12:48:35 --> CodeIgniter\Database\Exceptions\DatabaseException: Deletes are not allowed unless they contain a "where" or "like" clause.
[Method: POST, Route: category/delete/0]
in SYSTEMPATH\Database\BaseBuilder.php on line 2814.
 1 SYSTEMPATH\Model.php(521): CodeIgniter\Database\BaseBuilder->delete()
 2 SYSTEMPATH\BaseModel.php(1158): CodeIgniter\Model->doDelete('0', false)
 3 APPPATH\Controllers\CategoryController.php(85): CodeIgniter\BaseModel->delete('0')
 4 SYSTEMPATH\CodeIgniter.php(933): App\Controllers\CategoryController->delete('0')
 5 SYSTEMPATH\CodeIgniter.php(509): CodeIgniter\CodeIgniter->runController(Object(App\Controllers\CategoryController))
 6 SYSTEMPATH\CodeIgniter.php(355): CodeIgniter\CodeIgniter->handleRequest(null, Object(Config\Cache), false)
 7 SYSTEMPATH\Boot.php(325): CodeIgniter\CodeIgniter->run()
 8 SYSTEMPATH\Boot.php(67): CodeIgniter\Boot::runCodeIgniter(Object(CodeIgniter\CodeIgniter))
 9 FCPATH\index.php(56): CodeIgniter\Boot::bootWeb(Object(Config\Paths))
CRITICAL - 2024-12-16 12:48:38 --> CodeIgniter\Database\Exceptions\DatabaseException: Deletes are not allowed unless they contain a "where" or "like" clause.
[Method: POST, Route: category/delete/0]
in SYSTEMPATH\Database\BaseBuilder.php on line 2814.
 1 SYSTEMPATH\Model.php(521): CodeIgniter\Database\BaseBuilder->delete()
 2 SYSTEMPATH\BaseModel.php(1158): CodeIgniter\Model->doDelete('0', false)
 3 APPPATH\Controllers\CategoryController.php(85): CodeIgniter\BaseModel->delete('0')
 4 SYSTEMPATH\CodeIgniter.php(933): App\Controllers\CategoryController->delete('0')
 5 SYSTEMPATH\CodeIgniter.php(509): CodeIgniter\CodeIgniter->runController(Object(App\Controllers\CategoryController))
 6 SYSTEMPATH\CodeIgniter.php(355): CodeIgniter\CodeIgniter->handleRequest(null, Object(Config\Cache), false)
 7 SYSTEMPATH\Boot.php(325): CodeIgniter\CodeIgniter->run()
 8 SYSTEMPATH\Boot.php(67): CodeIgniter\Boot::runCodeIgniter(Object(CodeIgniter\CodeIgniter))
 9 FCPATH\index.php(56): CodeIgniter\Boot::bootWeb(Object(Config\Paths))
CRITICAL - 2024-12-16 12:48:46 --> CodeIgniter\Database\Exceptions\DatabaseException: Deletes are not allowed unless they contain a "where" or "like" clause.
[Method: POST, Route: category/delete/0]
in SYSTEMPATH\Database\BaseBuilder.php on line 2814.
 1 SYSTEMPATH\Model.php(521): CodeIgniter\Database\BaseBuilder->delete()
 2 SYSTEMPATH\BaseModel.php(1158): CodeIgniter\Model->doDelete('0', false)
 3 APPPATH\Controllers\CategoryController.php(85): CodeIgniter\BaseModel->delete('0')
 4 SYSTEMPATH\CodeIgniter.php(933): App\Controllers\CategoryController->delete('0')
 5 SYSTEMPATH\CodeIgniter.php(509): CodeIgniter\CodeIgniter->runController(Object(App\Controllers\CategoryController))
 6 SYSTEMPATH\CodeIgniter.php(355): CodeIgniter\CodeIgniter->handleRequest(null, Object(Config\Cache), false)
 7 SYSTEMPATH\Boot.php(325): CodeIgniter\CodeIgniter->run()
 8 SYSTEMPATH\Boot.php(67): CodeIgniter\Boot::runCodeIgniter(Object(CodeIgniter\CodeIgniter))
 9 FCPATH\index.php(56): CodeIgniter\Boot::bootWeb(Object(Config\Paths))
CRITICAL - 2024-12-16 12:50:07 --> CodeIgniter\Database\Exceptions\DatabaseException: Deletes are not allowed unless they contain a "where" or "like" clause.
[Method: POST, Route: category/delete/0]
in SYSTEMPATH\Database\BaseBuilder.php on line 2814.
 1 SYSTEMPATH\Model.php(521): CodeIgniter\Database\BaseBuilder->delete()
 2 SYSTEMPATH\BaseModel.php(1158): CodeIgniter\Model->doDelete('0', false)
 3 APPPATH\Controllers\CategoryController.php(85): CodeIgniter\BaseModel->delete('0')
 4 SYSTEMPATH\CodeIgniter.php(933): App\Controllers\CategoryController->delete('0')
 5 SYSTEMPATH\CodeIgniter.php(509): CodeIgniter\CodeIgniter->runController(Object(App\Controllers\CategoryController))
 6 SYSTEMPATH\CodeIgniter.php(355): CodeIgniter\CodeIgniter->handleRequest(null, Object(Config\Cache), false)
 7 SYSTEMPATH\Boot.php(325): CodeIgniter\CodeIgniter->run()
 8 SYSTEMPATH\Boot.php(67): CodeIgniter\Boot::runCodeIgniter(Object(CodeIgniter\CodeIgniter))
 9 FCPATH\index.php(56): CodeIgniter\Boot::bootWeb(Object(Config\Paths))
CRITICAL - 2024-12-16 12:50:16 --> CodeIgniter\Database\Exceptions\DatabaseException: Deletes are not allowed unless they contain a "where" or "like" clause.
[Method: POST, Route: category/delete/0]
in SYSTEMPATH\Database\BaseBuilder.php on line 2814.
 1 SYSTEMPATH\Model.php(521): CodeIgniter\Database\BaseBuilder->delete()
 2 SYSTEMPATH\BaseModel.php(1158): CodeIgniter\Model->doDelete('0', false)
 3 APPPATH\Controllers\CategoryController.php(85): CodeIgniter\BaseModel->delete('0')
 4 SYSTEMPATH\CodeIgniter.php(933): App\Controllers\CategoryController->delete('0')
 5 SYSTEMPATH\CodeIgniter.php(509): CodeIgniter\CodeIgniter->runController(Object(App\Controllers\CategoryController))
 6 SYSTEMPATH\CodeIgniter.php(355): CodeIgniter\CodeIgniter->handleRequest(null, Object(Config\Cache), false)
 7 SYSTEMPATH\Boot.php(325): CodeIgniter\CodeIgniter->run()
 8 SYSTEMPATH\Boot.php(67): CodeIgniter\Boot::runCodeIgniter(Object(CodeIgniter\CodeIgniter))
 9 FCPATH\index.php(56): CodeIgniter\Boot::bootWeb(Object(Config\Paths))
CRITICAL - 2024-12-16 12:54:01 --> CodeIgniter\Database\Exceptions\DatabaseException: Deletes are not allowed unless they contain a "where" or "like" clause.
[Method: POST, Route: category/delete/0]
in SYSTEMPATH\Database\BaseBuilder.php on line 2814.
 1 SYSTEMPATH\Model.php(521): CodeIgniter\Database\BaseBuilder->delete()
 2 SYSTEMPATH\BaseModel.php(1158): CodeIgniter\Model->doDelete('0', false)
 3 APPPATH\Controllers\CategoryController.php(85): CodeIgniter\BaseModel->delete('0')
 4 SYSTEMPATH\CodeIgniter.php(933): App\Controllers\CategoryController->delete('0')
 5 SYSTEMPATH\CodeIgniter.php(509): CodeIgniter\CodeIgniter->runController(Object(App\Controllers\CategoryController))
 6 SYSTEMPATH\CodeIgniter.php(355): CodeIgniter\CodeIgniter->handleRequest(null, Object(Config\Cache), false)
 7 SYSTEMPATH\Boot.php(325): CodeIgniter\CodeIgniter->run()
 8 SYSTEMPATH\Boot.php(67): CodeIgniter\Boot::runCodeIgniter(Object(CodeIgniter\CodeIgniter))
 9 FCPATH\index.php(56): CodeIgniter\Boot::bootWeb(Object(Config\Paths))
CRITICAL - 2024-12-16 12:58:34 --> CodeIgniter\Database\Exceptions\DatabaseException: Deletes are not allowed unless they contain a "where" or "like" clause.
[Method: POST, Route: category/delete/0]
in SYSTEMPATH\Database\BaseBuilder.php on line 2814.
 1 SYSTEMPATH\Model.php(521): CodeIgniter\Database\BaseBuilder->delete()
 2 SYSTEMPATH\BaseModel.php(1158): CodeIgniter\Model->doDelete('0', false)
 3 APPPATH\Controllers\CategoryController.php(85): CodeIgniter\BaseModel->delete('0')
 4 SYSTEMPATH\CodeIgniter.php(933): App\Controllers\CategoryController->delete('0')
 5 SYSTEMPATH\CodeIgniter.php(509): CodeIgniter\CodeIgniter->runController(Object(App\Controllers\CategoryController))
 6 SYSTEMPATH\CodeIgniter.php(355): CodeIgniter\CodeIgniter->handleRequest(null, Object(Config\Cache), false)
 7 SYSTEMPATH\Boot.php(325): CodeIgniter\CodeIgniter->run()
 8 SYSTEMPATH\Boot.php(67): CodeIgniter\Boot::runCodeIgniter(Object(CodeIgniter\CodeIgniter))
 9 FCPATH\index.php(56): CodeIgniter\Boot::bootWeb(Object(Config\Paths))
CRITICAL - 2024-12-16 13:07:14 --> ErrorException: Undefined variable $categories
[Method: GET, Route: product/create]
in APPPATH\Views\product\create.php on line 92.
 1 APPPATH\Views\product\create.php(92): CodeIgniter\Debug\Exceptions->errorHandler(2, 'Undefined variable $categories', 'C:\\xampp\\htdocs\\komal\\Codeigniter\\AdminPanel\\app\\Views\\product\\create.php', 92)
 2 SYSTEMPATH\View\View.php(234): include('C:\\xampp\\htdocs\\komal\\Codeigniter\\AdminPanel\\app\\Views\\product\\create.php')
 3 SYSTEMPATH\View\View.php(237): CodeIgniter\View\View->CodeIgniter\View\{closure}()
 4 SYSTEMPATH\Common.php(1171): CodeIgniter\View\View->render('product/create', [], true)
 5 APPPATH\Controllers\ProductController.php(17): view('product/create')
 6 SYSTEMPATH\CodeIgniter.php(933): App\Controllers\ProductController->create()
 7 SYSTEMPATH\CodeIgniter.php(509): CodeIgniter\CodeIgniter->runController(Object(App\Controllers\ProductController))
 8 SYSTEMPATH\CodeIgniter.php(355): CodeIgniter\CodeIgniter->handleRequest(null, Object(Config\Cache), false)
 9 SYSTEMPATH\Boot.php(325): CodeIgniter\CodeIgniter->run()
10 SYSTEMPATH\Boot.php(67): CodeIgniter\Boot::runCodeIgniter(Object(CodeIgniter\CodeIgniter))
11 FCPATH\index.php(56): CodeIgniter\Boot::bootWeb(Object(Config\Paths))
CRITICAL - 2024-12-16 13:08:16 --> ErrorException: Undefined variable $categories
[Method: GET, Route: product/create]
in APPPATH\Views\product\create.php on line 92.
 1 APPPATH\Views\product\create.php(92): CodeIgniter\Debug\Exceptions->errorHandler(2, 'Undefined variable $categories', 'C:\\xampp\\htdocs\\komal\\Codeigniter\\AdminPanel\\app\\Views\\product\\create.php', 92)
 2 SYSTEMPATH\View\View.php(234): include('C:\\xampp\\htdocs\\komal\\Codeigniter\\AdminPanel\\app\\Views\\product\\create.php')
 3 SYSTEMPATH\View\View.php(237): CodeIgniter\View\View->CodeIgniter\View\{closure}()
 4 SYSTEMPATH\Common.php(1171): CodeIgniter\View\View->render('product/create', [], true)
 5 APPPATH\Controllers\ProductController.php(17): view('product/create')
 6 SYSTEMPATH\CodeIgniter.php(933): App\Controllers\ProductController->create()
 7 SYSTEMPATH\CodeIgniter.php(509): CodeIgniter\CodeIgniter->runController(Object(App\Controllers\ProductController))
 8 SYSTEMPATH\CodeIgniter.php(355): CodeIgniter\CodeIgniter->handleRequest(null, Object(Config\Cache), false)
 9 SYSTEMPATH\Boot.php(325): CodeIgniter\CodeIgniter->run()
10 SYSTEMPATH\Boot.php(67): CodeIgniter\Boot::runCodeIgniter(Object(CodeIgniter\CodeIgniter))
11 FCPATH\index.php(56): CodeIgniter\Boot::bootWeb(Object(Config\Paths))
CRITICAL - 2024-12-16 13:08:20 --> ErrorException: Undefined variable $categories
[Method: GET, Route: product/create]
in APPPATH\Views\product\create.php on line 92.
 1 APPPATH\Views\product\create.php(92): CodeIgniter\Debug\Exceptions->errorHandler(2, 'Undefined variable $categories', 'C:\\xampp\\htdocs\\komal\\Codeigniter\\AdminPanel\\app\\Views\\product\\create.php', 92)
 2 SYSTEMPATH\View\View.php(234): include('C:\\xampp\\htdocs\\komal\\Codeigniter\\AdminPanel\\app\\Views\\product\\create.php')
 3 SYSTEMPATH\View\View.php(237): CodeIgniter\View\View->CodeIgniter\View\{closure}()
 4 SYSTEMPATH\Common.php(1171): CodeIgniter\View\View->render('product/create', [], true)
 5 APPPATH\Controllers\ProductController.php(17): view('product/create')
 6 SYSTEMPATH\CodeIgniter.php(933): App\Controllers\ProductController->create()
 7 SYSTEMPATH\CodeIgniter.php(509): CodeIgniter\CodeIgniter->runController(Object(App\Controllers\ProductController))
 8 SYSTEMPATH\CodeIgniter.php(355): CodeIgniter\CodeIgniter->handleRequest(null, Object(Config\Cache), false)
 9 SYSTEMPATH\Boot.php(325): CodeIgniter\CodeIgniter->run()
10 SYSTEMPATH\Boot.php(67): CodeIgniter\Boot::runCodeIgniter(Object(CodeIgniter\CodeIgniter))
11 FCPATH\index.php(56): CodeIgniter\Boot::bootWeb(Object(Config\Paths))
CRITICAL - 2024-12-16 13:09:28 --> ErrorException: Undefined variable $categories
[Method: GET, Route: product/create]
in APPPATH\Views\product\create.php on line 92.
 1 APPPATH\Views\product\create.php(92): CodeIgniter\Debug\Exceptions->errorHandler(2, 'Undefined variable $categories', 'C:\\xampp\\htdocs\\komal\\Codeigniter\\AdminPanel\\app\\Views\\product\\create.php', 92)
 2 SYSTEMPATH\View\View.php(234): include('C:\\xampp\\htdocs\\komal\\Codeigniter\\AdminPanel\\app\\Views\\product\\create.php')
 3 SYSTEMPATH\View\View.php(237): CodeIgniter\View\View->CodeIgniter\View\{closure}()
 4 SYSTEMPATH\Common.php(1171): CodeIgniter\View\View->render('product/create', [], true)
 5 APPPATH\Controllers\ProductController.php(17): view('product/create')
 6 SYSTEMPATH\CodeIgniter.php(933): App\Controllers\ProductController->create()
 7 SYSTEMPATH\CodeIgniter.php(509): CodeIgniter\CodeIgniter->runController(Object(App\Controllers\ProductController))
 8 SYSTEMPATH\CodeIgniter.php(355): CodeIgniter\CodeIgniter->handleRequest(null, Object(Config\Cache), false)
 9 SYSTEMPATH\Boot.php(325): CodeIgniter\CodeIgniter->run()
10 SYSTEMPATH\Boot.php(67): CodeIgniter\Boot::runCodeIgniter(Object(CodeIgniter\CodeIgniter))
11 FCPATH\index.php(56): CodeIgniter\Boot::bootWeb(Object(Config\Paths))
CRITICAL - 2024-12-16 13:09:37 --> ErrorException: Undefined variable $categories
[Method: GET, Route: product/create]
in APPPATH\Views\product\create.php on line 92.
 1 APPPATH\Views\product\create.php(92): CodeIgniter\Debug\Exceptions->errorHandler(2, 'Undefined variable $categories', 'C:\\xampp\\htdocs\\komal\\Codeigniter\\AdminPanel\\app\\Views\\product\\create.php', 92)
 2 SYSTEMPATH\View\View.php(234): include('C:\\xampp\\htdocs\\komal\\Codeigniter\\AdminPanel\\app\\Views\\product\\create.php')
 3 SYSTEMPATH\View\View.php(237): CodeIgniter\View\View->CodeIgniter\View\{closure}()
 4 SYSTEMPATH\Common.php(1171): CodeIgniter\View\View->render('product/create', [], true)
 5 APPPATH\Controllers\ProductController.php(17): view('product/create')
 6 SYSTEMPATH\CodeIgniter.php(933): App\Controllers\ProductController->create()
 7 SYSTEMPATH\CodeIgniter.php(509): CodeIgniter\CodeIgniter->runController(Object(App\Controllers\ProductController))
 8 SYSTEMPATH\CodeIgniter.php(355): CodeIgniter\CodeIgniter->handleRequest(null, Object(Config\Cache), false)
 9 SYSTEMPATH\Boot.php(325): CodeIgniter\CodeIgniter->run()
10 SYSTEMPATH\Boot.php(67): CodeIgniter\Boot::runCodeIgniter(Object(CodeIgniter\CodeIgniter))
11 FCPATH\index.php(56): CodeIgniter\Boot::bootWeb(Object(Config\Paths))
